/Users/kunalsupe/Developer/.rvm/gems/ruby-1.8.7-p302/gems/rails-2.3.5/lib/rails/gem_dependency.rb:119:Warning: Gem::Dependency#version_requirements is deprecated and will be removed on or after August 2010.  Use #requirement
The {{key}} interpolation syntax in I18n messages is deprecated. Please use %{key} instead.
en - {{count}} days

[ pid=11124 thr=0x100685000 file=ext/nginx/HelperAgent.cpp:568 time=2010-12-07 16:14:39.873 ]: Couldn't forward the HTTP response back to the HTTP client: It seems the user clicked on the 'Stop' button in his browser.
The {{key}} interpolation syntax in I18n messages is deprecated. Please use %{key} instead.
en - {{count}} days

The {{key}} interpolation syntax in I18n messages is deprecated. Please use %{key} instead.
en - {{count}} days

The {{key}} interpolation syntax in I18n messages is deprecated. Please use %{key} instead.
en - {{count}} days

The {{key}} interpolation syntax in I18n messages is deprecated. Please use %{key} instead.
en - {{count}} days

The {{key}} interpolation syntax in I18n messages is deprecated. Please use %{key} instead.
en - {{count}} days

The {{key}} interpolation syntax in I18n messages is deprecated. Please use %{key} instead.
en - {{count}} days

The {{key}} interpolation syntax in I18n messages is deprecated. Please use %{key} instead.
en - {{count}} days

The {{key}} interpolation syntax in I18n messages is deprecated. Please use %{key} instead.
en - {{count}} days

The {{key}} interpolation syntax in I18n messages is deprecated. Please use %{key} instead.
en - {{count}} days

/Users/kunalsupe/Developer/.rvm/gems/ruby-1.8.7-p302/gems/rails-2.3.5/lib/rails/gem_dependency.rb:119:Warning: Gem::Dependency#version_requirements is deprecated and will be removed on or after August 2010.  Use #requirement
The {{key}} interpolation syntax in I18n messages is deprecated. Please use %{key} instead.
en - {{count}} days

/Users/kunalsupe/Developer/.rvm/gems/ruby-1.8.7-p302/gems/actionpack-2.3.5/lib/action_view/helpers/form_helper.rb:838: warning: Object#id will be deprecated; use Object#object_id
/Users/kunalsupe/Developer/.rvm/gems/ruby-1.8.7-p302/gems/actionpack-2.3.5/lib/action_view/helpers/form_helper.rb:838: warning: Object#id will be deprecated; use Object#object_id
The {{key}} interpolation syntax in I18n messages is deprecated. Please use %{key} instead.
en - {{count}} days

The {{key}} interpolation syntax in I18n messages is deprecated. Please use %{key} instead.
en - {{count}} days

The {{key}} interpolation syntax in I18n messages is deprecated. Please use %{key} instead.
en - {{count}} days

/Users/kunalsupe/Developer/.rvm/gems/ruby-1.8.7-p302/gems/rails-2.3.5/lib/rails/gem_dependency.rb:119:Warning: Gem::Dependency#version_requirements is deprecated and will be removed on or after August 2010.  Use #requirement
The {{key}} interpolation syntax in I18n messages is deprecated. Please use %{key} instead.
en - {{count}} errors prohibited this {{model}} from being saved

The {{key}} interpolation syntax in I18n messages is deprecated. Please use %{key} instead.
en - {{count}} days

The {{key}} interpolation syntax in I18n messages is deprecated. Please use %{key} instead.
en - {{count}} days

[ pid=11124 thr=0x101102000 file=ext/nginx/HelperAgent.cpp:568 time=2010-12-07 16:58:23.872 ]: Couldn't forward the HTTP response back to the HTTP client: It seems the user clicked on the 'Stop' button in his browser.
The {{key}} interpolation syntax in I18n messages is deprecated. Please use %{key} instead.
en - {{count}} days

/users/kunalsupe/rails_projects/fedena/app/models/elective_group.rb:8: warning: multiple values for a block parameter (2 for 1)
	from /Users/kunalsupe/Developer/.rvm/gems/ruby-1.8.7-p302/gems/activerecord-2.3.5/lib/active_record/named_scope.rb:92
/users/kunalsupe/rails_projects/fedena/app/models/elective_group.rb:8: warning: multiple values for a block parameter (2 for 1)
	from /Users/kunalsupe/Developer/.rvm/gems/ruby-1.8.7-p302/gems/activerecord-2.3.5/lib/active_record/named_scope.rb:92
The {{key}} interpolation syntax in I18n messages is deprecated. Please use %{key} instead.
en - {{count}} days

/Users/kunalsupe/Developer/.rvm/gems/ruby-1.8.7-p302/gems/rails-2.3.5/lib/rails/gem_dependency.rb:119:Warning: Gem::Dependency#version_requirements is deprecated and will be removed on or after August 2010.  Use #requirement
The {{key}} interpolation syntax in I18n messages is deprecated. Please use %{key} instead.
en - {{count}} days

The {{key}} interpolation syntax in I18n messages is deprecated. Please use %{key} instead.
en - {{count}} days

The {{key}} interpolation syntax in I18n messages is deprecated. Please use %{key} instead.
en - {{count}} days

The {{key}} interpolation syntax in I18n messages is deprecated. Please use %{key} instead.
en - {{count}} days

The {{key}} interpolation syntax in I18n messages is deprecated. Please use %{key} instead.
en - {{count}} days

The {{key}} interpolation syntax in I18n messages is deprecated. Please use %{key} instead.
en - {{count}} days

The {{key}} interpolation syntax in I18n messages is deprecated. Please use %{key} instead.
en - {{count}} days

The {{key}} interpolation syntax in I18n messages is deprecated. Please use %{key} instead.
en - {{count}} days

The {{key}} interpolation syntax in I18n messages is deprecated. Please use %{key} instead.
en - {{count}} days

The {{key}} interpolation syntax in I18n messages is deprecated. Please use %{key} instead.
en - {{count}} days

The {{key}} interpolation syntax in I18n messages is deprecated. Please use %{key} instead.
en - {{count}} days

The {{key}} interpolation syntax in I18n messages is deprecated. Please use %{key} instead.
en - {{count}} days

The {{key}} interpolation syntax in I18n messages is deprecated. Please use %{key} instead.
en - {{count}} days

/Users/kunalsupe/Developer/.rvm/gems/ruby-1.8.7-p302/gems/rails-2.3.5/lib/rails/gem_dependency.rb:119:Warning: Gem::Dependency#version_requirements is deprecated and will be removed on or after August 2010.  Use #requirement
/Users/kunalsupe/Developer/.rvm/gems/ruby-1.8.7-p302/gems/actionpack-2.3.5/lib/action_view/helpers/form_helper.rb:838: warning: Object#id will be deprecated; use Object#object_id
/Users/kunalsupe/Developer/.rvm/gems/ruby-1.8.7-p302/gems/actionpack-2.3.5/lib/action_view/helpers/form_helper.rb:838: warning: Object#id will be deprecated; use Object#object_id
/Users/kunalsupe/Developer/.rvm/gems/ruby-1.8.7-p302/gems/actionpack-2.3.5/lib/action_view/helpers/form_helper.rb:838: warning: Object#id will be deprecated; use Object#object_id
The {{key}} interpolation syntax in I18n messages is deprecated. Please use %{key} instead.
en - {{count}} days

The {{key}} interpolation syntax in I18n messages is deprecated. Please use %{key} instead.
en - {{count}} days

The {{key}} interpolation syntax in I18n messages is deprecated. Please use %{key} instead.
en - {{count}} days

The {{key}} interpolation syntax in I18n messages is deprecated. Please use %{key} instead.
en - {{count}} days

The {{key}} interpolation syntax in I18n messages is deprecated. Please use %{key} instead.
en - {{count}} days

The {{key}} interpolation syntax in I18n messages is deprecated. Please use %{key} instead.
en - {{count}} days

The {{key}} interpolation syntax in I18n messages is deprecated. Please use %{key} instead.
en - {{count}} days

/Users/kunalsupe/Developer/.rvm/gems/ruby-1.8.7-p302/gems/actionpack-2.3.5/lib/action_view/helpers/form_helper.rb:838: warning: Object#id will be deprecated; use Object#object_id
The {{key}} interpolation syntax in I18n messages is deprecated. Please use %{key} instead.
en - {{count}} days

The {{key}} interpolation syntax in I18n messages is deprecated. Please use %{key} instead.
en - {{attribute}} {{message}}

The {{key}} interpolation syntax in I18n messages is deprecated. Please use %{key} instead.
en - {{count}} days

The {{key}} interpolation syntax in I18n messages is deprecated. Please use %{key} instead.
en - {{count}} days

The {{key}} interpolation syntax in I18n messages is deprecated. Please use %{key} instead.
en - {{count}} days

/Users/kunalsupe/Developer/.rvm/gems/ruby-1.8.7-p302/gems/rails-2.3.5/lib/rails/gem_dependency.rb:119:Warning: Gem::Dependency#version_requirements is deprecated and will be removed on or after August 2010.  Use #requirement
The {{key}} interpolation syntax in I18n messages is deprecated. Please use %{key} instead.
en - {{count}} days

The {{key}} interpolation syntax in I18n messages is deprecated. Please use %{key} instead.
en - {{count}} days

The {{key}} interpolation syntax in I18n messages is deprecated. Please use %{key} instead.
en - {{count}} days

The {{key}} interpolation syntax in I18n messages is deprecated. Please use %{key} instead.
en - {{count}} days

The {{key}} interpolation syntax in I18n messages is deprecated. Please use %{key} instead.
en - {{count}} days

The {{key}} interpolation syntax in I18n messages is deprecated. Please use %{key} instead.
en - {{count}} days

The {{key}} interpolation syntax in I18n messages is deprecated. Please use %{key} instead.
en - {{count}} days

The {{key}} interpolation syntax in I18n messages is deprecated. Please use %{key} instead.
en - {{count}} days

The {{key}} interpolation syntax in I18n messages is deprecated. Please use %{key} instead.
en - {{count}} days

The {{key}} interpolation syntax in I18n messages is deprecated. Please use %{key} instead.
en - {{count}} days

